Arguments: 
  C:\Program Files\nodejs\node.exe C:\Users\li'chon'lou\AppData\Roaming\npm\node_modules\yarn\bin\yarn.js install

PATH: 
  C:\Python310\Scripts\;C:\Python310\;C:\Windows\system32;C:\Windows;C:\Windows\System32\Wbem;C:\Windows\System32\WindowsPowerShell\v1.0\;C:\Windows\System32\OpenSSH\;C:\Program Files (x86)\NVIDIA Corporation\PhysX\Common;C:\Program Files\NVIDIA Corporation\NVIDIA NvDLISR;C:\Program Files\nodejs\;C:\ProgramData\chocolatey\bin;D:\tool\Git\cmd;C:\Users\li'chon'lou\.cargo\bin;C:\Users\li'chon'lou\AppData\Local\Microsoft\WindowsApps;C:\Users\li'chon'lou\AppData\Roaming\npm;D:\tool\Microsoft VS Code\bin;C:\Users\li'chon'lou\AppData\Local\GitHubDesktop\bin

Yarn version: 
  1.22.17

Node version: 
  16.13.1

Platform: 
  win32 x64

Trace: 
  SyntaxError: D:\lichonglouDev\mountain\package.json: Unexpected token } in JSON at position 880
      at JSON.parse (<anonymous>)
      at C:\Users\li'chon'lou\AppData\Roaming\npm\node_modules\yarn\lib\cli.js:1625:59
      at Generator.next (<anonymous>)
      at step (C:\Users\li'chon'lou\AppData\Roaming\npm\node_modules\yarn\lib\cli.js:310:30)
      at C:\Users\li'chon'lou\AppData\Roaming\npm\node_modules\yarn\lib\cli.js:321:13

npm manifest: 
  {
    "name": "mountain",
    "version": "1.0.0",
    "description": "move the mountain",
    "main": "demo.js",
    "dependencies": {
      "plop": "^2.7.4"
    },
    "devDependencies": {
      "eslint": "^7.32.0",
      "eslint-plugin-import": "^2.25.3",
      "eslint-plugin-node": "^11.1.0",
      "eslint-plugin-promise": "^5.1.0",
      "eslint-plugin-vue": "^8.0.3",
      "prettier": "^2.6.2",
      "@vue/eslint-config-prettier": "^7.0.0",
      "@vue/eslint-config-standard": "^6.1.0"
    },
    "scripts": {
      "test": "echo \"Error: no test specified\" && exit 1",
      "plop": "plop"
    },
    "repository": {
      "type": "git",
      "url": "git+https://github.com/shiwanmenghuxiahuashan/mountain.git"
    },
    "author": "",
    "license": "ISC",
    "bugs": {
      "url": "https://github.com/shiwanmenghuxiahuashan/mountain/issues"
    },
    "homepage": "https://github.com/shiwanmenghuxiahuashan/mountain#readme",
  }

yarn manifest: 
  No manifest

Lockfile: 
  No lockfile
